<?xml version="1.0" encoding="UTF-8"?>
<testng-results skipped="0" failed="0" ignored="0" total="1" passed="1">
  <reporter-output>
  </reporter-output>
  <suite name="Default suite" duration-ms="1678" started-at="2019-09-17T03:14:42Z" finished-at="2019-09-17T03:14:44Z">
    <groups>
    </groups>
    <test name="Default test" duration-ms="1678" started-at="2019-09-17T03:14:42Z" finished-at="2019-09-17T03:14:44Z">
      <class name="HTTPClient.DeleteRequest">
        <test-method status="PASS" signature="deleteRequest()[pri:0, instance:HTTPClient.DeleteRequest@523884b2]" name="deleteRequest" duration-ms="1623" started-at="2019-09-17T03:14:42Z" finished-at="2019-09-17T03:14:44Z">
          <reporter-output>
          </reporter-output>
        </test-method> <!-- deleteRequest -->
      </class> <!-- HTTPClient.DeleteRequest -->
    </test> <!-- Default test -->
  </suite> <!-- Default suite -->
</testng-results>
